<?xml version="1.0" encoding="UTF-8"?>
<testsuite xmlns:xsi="http://www.w3.org/2001/XMLSchema-instance" xsi:noNamespaceSchemaLocation="https://maven.apache.org/surefire/maven-surefire-plugin/xsd/surefire-test-report-3.0.xsd" version="3.0" name="org.example.WebTest" time="1.392" tests="3" errors="0" skipped="0" failures="0">
  <properties>
[...]
</properties>
  <testcase name="GETTest" classname="org.example.WebTest" time="0.42">
    <system-out><![CDATA[
  .   ____          _            __ _ _
 /\\ / ___'_ __ _ _(_)_ __  __ _ \ \ \ \
( ( )\___ | '_ | '_| | '_ \/ _` | \ \ \ \
 \\/  ___)| |_)| | | | | || (_| |  ) ) ) )
  '  |____| .__|_| |_|_| |_\__, | / / / /
 =========|_|==============|___/=/_/_/_/

 :: Spring Boot ::                (v3.3.3)

2025-10-06T12:32:23.678-04:00  INFO 60891 --- [           main] org.example.WebTest                      : Starting WebTest using Java 25 with PID 60891 (started by connoryelle in /Users/connoryelle/Desktop/sysc4806/SYSC4806_Lab3)
2025-10-06T12:32:23.678-04:00  INFO 60891 --- [           main] org.example.WebTest                      : No active profile set, falling back to 1 default profile: "default"
2025-10-06T12:32:23.896-04:00  INFO 60891 --- [           main] .s.d.r.c.RepositoryConfigurationDelegate : Bootstrapping Spring Data JPA repositories in DEFAULT mode.
2025-10-06T12:32:23.913-04:00  INFO 60891 --- [           main] .s.d.r.c.RepositoryConfigurationDelegate : Finished Spring Data repository scanning in 14 ms. Found 2 JPA repository interfaces.
2025-10-06T12:32:24.061-04:00  INFO 60891 --- [           main] com.zaxxer.hikari.HikariDataSource       : HikariPool-1 - Starting...
2025-10-06T12:32:24.065-04:00  INFO 60891 --- [           main] com.zaxxer.hikari.pool.HikariPool        : HikariPool-1 - Added connection conn1: url=jdbc:h2:mem:86ec7c9a-30a0-4b51-8d4e-445907c76ff1 user=SA
2025-10-06T12:32:24.066-04:00  INFO 60891 --- [           main] com.zaxxer.hikari.HikariDataSource       : HikariPool-1 - Start completed.
2025-10-06T12:32:24.079-04:00  INFO 60891 --- [           main] o.hibernate.jpa.internal.util.LogHelper  : HHH000204: Processing PersistenceUnitInfo [name: default]
2025-10-06T12:32:24.080-04:00  INFO 60891 --- [           main] o.h.c.internal.RegionFactoryInitiator    : HHH000026: Second-level cache disabled
2025-10-06T12:32:24.084-04:00  INFO 60891 --- [           main] o.s.o.j.p.SpringPersistenceUnitInfo      : No LoadTimeWeaver setup: ignoring JPA class transformer
2025-10-06T12:32:24.112-04:00  INFO 60891 --- [           main] o.h.e.t.j.p.i.JtaPlatformInitiator       : HHH000489: No JTA platform available (set 'hibernate.transaction.jta.platform' to enable JTA platform integration)
2025-10-06T12:32:24.117-04:00  INFO 60891 --- [           main] j.LocalContainerEntityManagerFactoryBean : Initialized JPA EntityManagerFactory for persistence unit 'default'
2025-10-06T12:32:24.266-04:00  WARN 60891 --- [           main] JpaBaseConfiguration$JpaWebConfiguration : spring.jpa.open-in-view is enabled by default. Therefore, database queries may be performed during view rendering. Explicitly configure spring.jpa.open-in-view to disable this warning
2025-10-06T12:32:24.407-04:00  INFO 60891 --- [           main] o.s.b.t.m.w.SpringBootMockServletContext : Initializing Spring TestDispatcherServlet ''
2025-10-06T12:32:24.407-04:00  INFO 60891 --- [           main] o.s.t.web.servlet.TestDispatcherServlet  : Initializing Servlet ''
2025-10-06T12:32:24.408-04:00  INFO 60891 --- [           main] o.s.t.web.servlet.TestDispatcherServlet  : Completed initialization in 1 ms
2025-10-06T12:32:24.418-04:00  INFO 60891 --- [           main] org.example.WebTest                      : Started WebTest in 0.818 seconds (process running for 2.11)
2025-10-06T12:32:24.427-04:00  INFO 60891 --- [           main] org.example.TestRunApp                   : 
2025-10-06T12:32:24.428-04:00  INFO 60891 --- [           main] org.example.TestRunApp                   : TEST FOR BUDDYINFO REPOSITORY
2025-10-06T12:32:24.428-04:00  INFO 60891 --- [           main] org.example.TestRunApp                   : Buddies found with findAll():
2025-10-06T12:32:24.428-04:00  INFO 60891 --- [           main] org.example.TestRunApp                   : -------------------------------
2025-10-06T12:32:24.435-04:00  INFO 60891 --- [           main] org.example.TestRunApp                   : ID: 1, Name: Connor, Phone Number: 111-111-1111
2025-10-06T12:32:24.435-04:00  INFO 60891 --- [           main] org.example.TestRunApp                   : ID: 2, Name: Joe, Phone Number: 222-222-2222
2025-10-06T12:32:24.435-04:00  INFO 60891 --- [           main] org.example.TestRunApp                   : ID: 3, Name: Mary, Phone Number: 333-333-3333
2025-10-06T12:32:24.435-04:00  INFO 60891 --- [           main] org.example.TestRunApp                   : 
2025-10-06T12:32:24.439-04:00  INFO 60891 --- [           main] org.example.TestRunApp                   : Customer found with findById(1):
2025-10-06T12:32:24.439-04:00  INFO 60891 --- [           main] org.example.TestRunApp                   : --------------------------------
2025-10-06T12:32:24.439-04:00  INFO 60891 --- [           main] org.example.TestRunApp                   : ID: 1, Name: Connor, Phone Number: 111-111-1111
2025-10-06T12:32:24.439-04:00  INFO 60891 --- [           main] org.example.TestRunApp                   : 
2025-10-06T12:32:24.440-04:00  INFO 60891 --- [           main] org.example.TestRunApp                   : Customer found with findById(2):
2025-10-06T12:32:24.440-04:00  INFO 60891 --- [           main] org.example.TestRunApp                   : --------------------------------
2025-10-06T12:32:24.440-04:00  INFO 60891 --- [           main] org.example.TestRunApp                   : ID: 2, Name: Joe, Phone Number: 222-222-2222
2025-10-06T12:32:24.440-04:00  INFO 60891 --- [           main] org.example.TestRunApp                   : 
2025-10-06T12:32:24.441-04:00  INFO 60891 --- [           main] org.example.TestRunApp                   : 
2025-10-06T12:32:24.441-04:00  INFO 60891 --- [           main] org.example.TestRunApp                   : TEST FOR ADDRESSBOOK REPOSITORY
2025-10-06T12:32:24.441-04:00  INFO 60891 --- [           main] org.example.TestRunApp                   : AddressBook saved with the following buddies:
2025-10-06T12:32:24.442-04:00  INFO 60891 --- [           main] org.example.TestRunApp                   : -------------------------------------------
2025-10-06T12:32:24.442-04:00  INFO 60891 --- [           main] org.example.TestRunApp                   : ID: 4, Name: Connor, Phone Number: 111-111-1111
2025-10-06T12:32:24.442-04:00  INFO 60891 --- [           main] org.example.TestRunApp                   : ID: 5, Name: Joe, Phone Number: 222-222-2222
2025-10-06T12:32:24.442-04:00  INFO 60891 --- [           main] org.example.TestRunApp                   : ID: 6, Name: Mary, Phone Number: 333-333-3333
2025-10-06T12:32:24.442-04:00  INFO 60891 --- [           main] org.example.TestRunApp                   : 

MockHttpServletRequest:
      HTTP Method = GET
      Request URI = /addressbook
       Parameters = {}
          Headers = []
             Body = null
    Session Attrs = {}

Handler:
             Type = org.example.AddressBookController
           Method = org.example.AddressBookController#addressBook(Model)

Async:
    Async started = false
     Async result = null

Resolved Exception:
             Type = null

ModelAndView:
        View name = AddressBook
             View = null
        Attribute = addressBook
            value = org.example.AddressBook@76527a00
           errors = []

FlashMap:
       Attributes = null

MockHttpServletResponse:
           Status = 200
    Error message = null
          Headers = [Content-Language:"en", Content-Type:"text/html;charset=UTF-8"]
     Content type = text/html;charset=UTF-8
             Body = <!DOCTYPE HTML>
<html>
<head>
    <title>Address Book</title>
    <meta http-equiv="Content-Type" content="text/html; charset=UTF-8" />
</head>
<body>
<h1>Buddies in Address Book</h1>
<table border="1">
    <tr>
        <th>Name</th>
        <th>Phone Number</th>
    </tr>
    <tr>
        <td>Joe</td>
        <td>222-222-2222</td>
    </tr>
</table>
</body>
</html>
    Forwarded URL = null
   Redirected URL = null
          Cookies = []
]]></system-out>
    <system-err><![CDATA[WARNING: A Java agent has been loaded dynamically (/Users/connoryelle/.m2/repository/net/bytebuddy/byte-buddy-agent/1.14.19/byte-buddy-agent-1.14.19.jar)
WARNING: If a serviceability tool is in use, please run with -XX:+EnableDynamicAgentLoading to hide this warning
WARNING: If a serviceability tool is not in use, please run with -Djdk.instrument.traceUsage for more information
WARNING: Dynamic loading of agents will be disallowed by default in a future release
]]></system-err>
  </testcase>
  <testcase name="contextLoads" classname="org.example.WebTest" time="0.02"/>
  <testcase name="POSTTest" classname="org.example.WebTest" time="0.006"/>
</testsuite>