<?xml version="1.0" encoding="UTF-8"?>
<testsuite xmlns:xsi="http://www.w3.org/2001/XMLSchema-instance" xsi:noNamespaceSchemaLocation="https://maven.apache.org/surefire/maven-surefire-plugin/xsd/surefire-test-report-3.0.xsd" version="3.0" name="org.example.JPATest" time="0.962" tests="1" errors="0" skipped="0" failures="1">
  <properties>
[...]
</properties>
  <testcase name="performJPA" classname="org.example.JPATest" time="0.95">
    <failure message="expected: &lt;2&gt; but was: &lt;1&gt;" type="org.opentest4j.AssertionFailedError"><![CDATA[org.opentest4j.AssertionFailedError: expected: <2> but was: <1>
	at org.junit.jupiter.api.AssertionFailureBuilder.build(AssertionFailureBuilder.java:151)
	at org.junit.jupiter.api.AssertionFailureBuilder.buildAndThrow(AssertionFailureBuilder.java:132)
	at org.junit.jupiter.api.AssertEquals.failNotEqual(AssertEquals.java:197)
	at org.junit.jupiter.api.AssertEquals.assertEquals(AssertEquals.java:166)
	at org.junit.jupiter.api.AssertEquals.assertEquals(AssertEquals.java:161)
	at org.junit.jupiter.api.Assertions.assertEquals(Assertions.java:632)
	at org.example.JPATest.performJPA(JPATest.java:50)
	at java.base/java.lang.reflect.Method.invoke(Method.java:565)
	at java.base/java.util.ArrayList.forEach(ArrayList.java:1604)
	at java.base/java.util.ArrayList.forEach(ArrayList.java:1604)
]]></failure>
    <system-out><![CDATA[12:32:22.665 [main] INFO org.hibernate.jpa.internal.util.LogHelper -- HHH000204: Processing PersistenceUnitInfo [name: lab2]
12:32:22.684 [main] INFO org.hibernate.Version -- HHH000412: Hibernate ORM core version 6.5.2.Final
12:32:22.699 [main] INFO org.hibernate.cache.internal.RegionFactoryInitiator -- HHH000026: Second-level cache disabled
12:32:22.770 [main] WARN org.hibernate.orm.connections.pooling -- HHH10001002: Using built-in connection pool (not intended for production use)
12:32:22.770 [main] INFO org.hibernate.orm.connections.pooling -- HHH10001005: Loaded JDBC driver class: org.h2.Driver
12:32:22.770 [main] INFO org.hibernate.orm.connections.pooling -- HHH10001012: Connecting with JDBC URL [jdbc:h2:mem:testdb]
12:32:22.770 [main] INFO org.hibernate.orm.connections.pooling -- HHH10001001: Connection properties: {user=sa, password=****}
12:32:22.770 [main] INFO org.hibernate.orm.connections.pooling -- HHH10001003: Autocommit mode: false
12:32:22.771 [main] INFO org.hibernate.orm.connections.pooling -- HHH10001115: Connection pool size: 20 (min=1)
12:32:22.823 [main] WARN org.hibernate.orm.deprecation -- HHH90000025: H2Dialect does not need to be specified explicitly using 'hibernate.dialect' (remove the property setting and it will be selected by default)
12:32:23.321 [main] INFO org.hibernate.engine.transaction.jta.platform.internal.JtaPlatformInitiator -- HHH000489: No JTA platform available (set 'hibernate.transaction.jta.platform' to enable JTA platform integration)
12:32:23.327 [main] INFO org.hibernate.orm.connections.access -- HHH10001501: Connection obtained from JdbcConnectionAccess [org.hibernate.engine.jdbc.env.internal.JdbcEnvironmentInitiator$ConnectionProviderJdbcConnectionAccess@15d88c10] for (non-JTA) DDL execution was not in auto-commit mode; the Connection 'local transaction' will be committed and the Connection will be set into auto-commit mode.
Hibernate: create table AddressBook (id bigint not null, primary key (id))
Hibernate: create table BuddyInfo (id bigint not null, name varchar(255), phoneNumber varchar(255), addressbook_id bigint, primary key (id))
Hibernate: create sequence AddressBook_SEQ start with 1 increment by 50
Hibernate: create sequence BuddyInfo_SEQ start with 1 increment by 50
Hibernate: alter table if exists BuddyInfo add constraint FK97i3knvjk037ku6nsrnxn2bxm foreign key (addressbook_id) references AddressBook
Hibernate: select next value for AddressBook_SEQ
Hibernate: select next value for BuddyInfo_SEQ
Hibernate: select next value for BuddyInfo_SEQ
Hibernate: insert into AddressBook (id) values (?)
Hibernate: insert into BuddyInfo (addressbook_id,name,phoneNumber,id) values (?,?,?,?)
Hibernate: insert into BuddyInfo (addressbook_id,name,phoneNumber,id) values (?,?,?,?)
Hibernate: select ab1_0.id from AddressBook ab1_0 order by ab1_0.id
]]></system-out>
  </testcase>
</testsuite>